{"/Users/pscanf/mondora/meteor-wapi-collection/src/collection.js":{"path":"/Users/pscanf/mondora/meteor-wapi-collection/src/collection.js","s":{"1":1,"2":1,"3":1,"4":1,"5":0,"6":0,"7":0,"8":0,"9":0,"10":1,"11":1,"12":1,"13":1,"14":1,"15":1,"16":1,"17":1,"18":1,"19":1,"20":1,"21":1,"22":1,"23":1,"24":8,"25":13,"26":11,"27":2,"28":1,"29":1,"30":1,"31":1},"b":{"1":[1,0],"2":[1,0],"3":[1,0],"4":[11,2],"5":[1,1],"6":[1,0]},"f":{"1":0,"2":1,"3":1,"4":8,"5":13},"fnMap":{"1":{"name":"(anonymous_1)","line":6,"loc":{"start":{"line":6,"column":17},"end":{"line":6,"column":37}}},"2":{"name":"attachMethods","line":23,"loc":{"start":{"line":23,"column":37},"end":{"line":23,"column":63}}},"3":{"name":"addValidationRules","line":44,"loc":{"start":{"line":44,"column":42},"end":{"line":44,"column":80}}},"4":{"name":"runValidationRules","line":55,"loc":{"start":{"line":55,"column":42},"end":{"line":55,"column":114}}},"5":{"name":"(anonymous_5)","line":56,"loc":{"start":{"line":56,"column":54},"end":{"line":56,"column":70}}}},"statementMap":{"1":{"start":{"line":1,"column":0},"end":{"line":1,"column":35}},"2":{"start":{"line":2,"column":0},"end":{"line":2,"column":32}},"3":{"start":{"line":4,"column":0},"end":{"line":4,"column":45}},"4":{"start":{"line":6,"column":0},"end":{"line":18,"column":2}},"5":{"start":{"line":7,"column":4},"end":{"line":7,"column":17}},"6":{"start":{"line":8,"column":4},"end":{"line":8,"column":21}},"7":{"start":{"line":9,"column":4},"end":{"line":13,"column":6}},"8":{"start":{"line":14,"column":4},"end":{"line":16,"column":6}},"9":{"start":{"line":17,"column":4},"end":{"line":17,"column":25}},"10":{"start":{"line":23,"column":0},"end":{"line":29,"column":2}},"11":{"start":{"line":24,"column":4},"end":{"line":24,"column":21}},"12":{"start":{"line":25,"column":4},"end":{"line":25,"column":82}},"13":{"start":{"line":26,"column":4},"end":{"line":26,"column":82}},"14":{"start":{"line":27,"column":4},"end":{"line":27,"column":82}},"15":{"start":{"line":28,"column":4},"end":{"line":28,"column":29}},"16":{"start":{"line":44,"column":0},"end":{"line":54,"column":2}},"17":{"start":{"line":45,"column":4},"end":{"line":47,"column":5}},"18":{"start":{"line":46,"column":8},"end":{"line":46,"column":57}},"19":{"start":{"line":48,"column":4},"end":{"line":50,"column":5}},"20":{"start":{"line":49,"column":8},"end":{"line":49,"column":57}},"21":{"start":{"line":51,"column":4},"end":{"line":53,"column":5}},"22":{"start":{"line":52,"column":8},"end":{"line":52,"column":57}},"23":{"start":{"line":55,"column":0},"end":{"line":67,"column":2}},"24":{"start":{"line":56,"column":4},"end":{"line":66,"column":7}},"25":{"start":{"line":57,"column":8},"end":{"line":59,"column":9}},"26":{"start":{"line":58,"column":12},"end":{"line":58,"column":60}},"27":{"start":{"line":60,"column":8},"end":{"line":62,"column":9}},"28":{"start":{"line":61,"column":12},"end":{"line":61,"column":82}},"29":{"start":{"line":63,"column":8},"end":{"line":65,"column":9}},"30":{"start":{"line":64,"column":12},"end":{"line":64,"column":60}},"31":{"start":{"line":69,"column":0},"end":{"line":69,"column":28}}},"branchMap":{"1":{"line":45,"type":"if","locations":[{"start":{"line":45,"column":4},"end":{"line":45,"column":4}},{"start":{"line":45,"column":4},"end":{"line":45,"column":4}}]},"2":{"line":48,"type":"if","locations":[{"start":{"line":48,"column":4},"end":{"line":48,"column":4}},{"start":{"line":48,"column":4},"end":{"line":48,"column":4}}]},"3":{"line":51,"type":"if","locations":[{"start":{"line":51,"column":4},"end":{"line":51,"column":4}},{"start":{"line":51,"column":4},"end":{"line":51,"column":4}}]},"4":{"line":57,"type":"if","locations":[{"start":{"line":57,"column":8},"end":{"line":57,"column":8}},{"start":{"line":57,"column":8},"end":{"line":57,"column":8}}]},"5":{"line":60,"type":"if","locations":[{"start":{"line":60,"column":8},"end":{"line":60,"column":8}},{"start":{"line":60,"column":8},"end":{"line":60,"column":8}}]},"6":{"line":63,"type":"if","locations":[{"start":{"line":63,"column":8},"end":{"line":63,"column":8}},{"start":{"line":63,"column":8},"end":{"line":63,"column":8}}]}}},"/Users/pscanf/mondora/meteor-wapi-collection/src/methods.js":{"path":"/Users/pscanf/mondora/meteor-wapi-collection/src/methods.js","s":{"1":1,"2":1,"3":1,"4":1,"5":1,"6":1,"7":1,"8":1,"9":1,"10":1,"11":1,"12":8,"13":8,"14":6,"15":5,"16":5,"17":1,"18":9,"19":9,"20":7,"21":6,"22":5,"23":5,"24":3,"25":1,"26":8,"27":8,"28":6,"29":5,"30":4},"b":{"1":[5,4]},"f":{"1":8,"2":8,"3":6,"4":5,"5":9,"6":9,"7":6,"8":5,"9":3,"10":8,"11":8,"12":6,"13":5,"14":4},"fnMap":{"1":{"name":"insert","line":13,"loc":{"start":{"line":13,"column":17},"end":{"line":13,"column":59}}},"2":{"name":"(anonymous_2)","line":15,"loc":{"start":{"line":15,"column":14},"end":{"line":15,"column":26}}},"3":{"name":"(anonymous_3)","line":21,"loc":{"start":{"line":21,"column":14},"end":{"line":21,"column":26}}},"4":{"name":"(anonymous_4)","line":25,"loc":{"start":{"line":25,"column":14},"end":{"line":25,"column":26}}},"5":{"name":"update","line":32,"loc":{"start":{"line":32,"column":17},"end":{"line":32,"column":67}}},"6":{"name":"(anonymous_6)","line":34,"loc":{"start":{"line":34,"column":14},"end":{"line":34,"column":26}}},"7":{"name":"(anonymous_7)","line":44,"loc":{"start":{"line":44,"column":14},"end":{"line":44,"column":26}}},"8":{"name":"(anonymous_8)","line":47,"loc":{"start":{"line":47,"column":14},"end":{"line":47,"column":37}}},"9":{"name":"(anonymous_9)","line":53,"loc":{"start":{"line":53,"column":14},"end":{"line":53,"column":37}}},"10":{"name":"update","line":63,"loc":{"start":{"line":63,"column":17},"end":{"line":63,"column":58}}},"11":{"name":"(anonymous_11)","line":65,"loc":{"start":{"line":65,"column":14},"end":{"line":65,"column":26}}},"12":{"name":"(anonymous_12)","line":71,"loc":{"start":{"line":71,"column":14},"end":{"line":71,"column":26}}},"13":{"name":"(anonymous_13)","line":74,"loc":{"start":{"line":74,"column":14},"end":{"line":74,"column":37}}},"14":{"name":"(anonymous_14)","line":78,"loc":{"start":{"line":78,"column":14},"end":{"line":78,"column":26}}}},"statementMap":{"1":{"start":{"line":1,"column":0},"end":{"line":1,"column":35}},"2":{"start":{"line":2,"column":0},"end":{"line":2,"column":38}},"3":{"start":{"line":3,"column":0},"end":{"line":3,"column":32}},"4":{"start":{"line":4,"column":0},"end":{"line":4,"column":32}},"5":{"start":{"line":6,"column":0},"end":{"line":6,"column":55}},"6":{"start":{"line":7,"column":0},"end":{"line":7,"column":53}},"7":{"start":{"line":8,"column":0},"end":{"line":8,"column":48}},"8":{"start":{"line":9,"column":0},"end":{"line":9,"column":58}},"9":{"start":{"line":10,"column":0},"end":{"line":10,"column":54}},"10":{"start":{"line":11,"column":0},"end":{"line":11,"column":51}},"11":{"start":{"line":13,"column":0},"end":{"line":30,"column":2}},"12":{"start":{"line":14,"column":4},"end":{"line":29,"column":30}},"13":{"start":{"line":16,"column":12},"end":{"line":19,"column":14}},"14":{"start":{"line":22,"column":12},"end":{"line":23,"column":71}},"15":{"start":{"line":26,"column":12},"end":{"line":26,"column":60}},"16":{"start":{"line":27,"column":12},"end":{"line":27,"column":53}},"17":{"start":{"line":32,"column":0},"end":{"line":61,"column":2}},"18":{"start":{"line":33,"column":4},"end":{"line":60,"column":30}},"19":{"start":{"line":35,"column":12},"end":{"line":38,"column":14}},"20":{"start":{"line":39,"column":12},"end":{"line":42,"column":14}},"21":{"start":{"line":45,"column":12},"end":{"line":45,"column":58}},"22":{"start":{"line":48,"column":12},"end":{"line":48,"column":65}},"23":{"start":{"line":49,"column":12},"end":{"line":51,"column":37}},"24":{"start":{"line":54,"column":12},"end":{"line":58,"column":15}},"25":{"start":{"line":63,"column":0},"end":{"line":84,"column":2}},"26":{"start":{"line":64,"column":4},"end":{"line":83,"column":30}},"27":{"start":{"line":66,"column":12},"end":{"line":69,"column":14}},"28":{"start":{"line":72,"column":12},"end":{"line":72,"column":58}},"29":{"start":{"line":75,"column":12},"end":{"line":76,"column":71}},"30":{"start":{"line":79,"column":12},"end":{"line":81,"column":15}}},"branchMap":{"1":{"line":26,"type":"binary-expr","locations":[{"start":{"line":26,"column":30},"end":{"line":26,"column":45}},{"start":{"line":26,"column":49},"end":{"line":26,"column":59}}]}}},"/Users/pscanf/mondora/meteor-wapi-collection/src/lib/apply-patches.js":{"path":"/Users/pscanf/mondora/meteor-wapi-collection/src/lib/apply-patches.js","s":{"1":1,"2":1,"3":1,"4":7,"5":7,"6":7},"b":{},"f":{"1":7},"fnMap":{"1":{"name":"applyPatches","line":4,"loc":{"start":{"line":4,"column":17},"end":{"line":4,"column":57}}}},"statementMap":{"1":{"start":{"line":1,"column":0},"end":{"line":1,"column":36}},"2":{"start":{"line":2,"column":0},"end":{"line":2,"column":26}},"3":{"start":{"line":4,"column":0},"end":{"line":8,"column":2}},"4":{"start":{"line":5,"column":4},"end":{"line":5,"column":33}},"5":{"start":{"line":6,"column":4},"end":{"line":6,"column":30}},"6":{"start":{"line":7,"column":4},"end":{"line":7,"column":18}}},"branchMap":{}},"/Users/pscanf/mondora/meteor-wapi-collection/src/lib/arg-matches.js":{"path":"/Users/pscanf/mondora/meteor-wapi-collection/src/lib/arg-matches.js","s":{"1":1,"2":1,"3":34},"b":{},"f":{"1":34},"fnMap":{"1":{"name":"argMatches","line":3,"loc":{"start":{"line":3,"column":17},"end":{"line":3,"column":51}}}},"statementMap":{"1":{"start":{"line":1,"column":0},"end":{"line":1,"column":37}},"2":{"start":{"line":3,"column":0},"end":{"line":5,"column":2}},"3":{"start":{"line":4,"column":4},"end":{"line":4,"column":45}}},"branchMap":{}},"/Users/pscanf/mondora/meteor-wapi-collection/src/lib/ensure.js":{"path":"/Users/pscanf/mondora/meteor-wapi-collection/src/lib/ensure.js","s":{"1":1,"2":49,"3":11},"b":{"1":[11,38]},"f":{"1":49},"fnMap":{"1":{"name":"ensure","line":1,"loc":{"start":{"line":1,"column":17},"end":{"line":1,"column":52}}}},"statementMap":{"1":{"start":{"line":1,"column":0},"end":{"line":5,"column":2}},"2":{"start":{"line":2,"column":4},"end":{"line":4,"column":5}},"3":{"start":{"line":3,"column":8},"end":{"line":3,"column":20}}},"branchMap":{"1":{"line":2,"type":"if","locations":[{"start":{"line":2,"column":4},"end":{"line":2,"column":4}},{"start":{"line":2,"column":4},"end":{"line":2,"column":4}}]}}},"/Users/pscanf/mondora/meteor-wapi-collection/src/lib/get-old-document.js":{"path":"/Users/pscanf/mondora/meteor-wapi-collection/src/lib/get-old-document.js","s":{"1":1,"2":1,"3":1,"4":1,"5":1,"6":15,"7":15,"8":15,"9":12},"b":{},"f":{"1":15,"2":15,"3":15},"fnMap":{"1":{"name":"getOldDocument","line":7,"loc":{"start":{"line":7,"column":17},"end":{"line":7,"column":66}}},"2":{"name":"(anonymous_2)","line":9,"loc":{"start":{"line":9,"column":14},"end":{"line":9,"column":26}}},"3":{"name":"(anonymous_3)","line":14,"loc":{"start":{"line":14,"column":14},"end":{"line":14,"column":37}}}},"statementMap":{"1":{"start":{"line":1,"column":0},"end":{"line":1,"column":35}},"2":{"start":{"line":2,"column":0},"end":{"line":2,"column":38}},"3":{"start":{"line":3,"column":0},"end":{"line":3,"column":32}},"4":{"start":{"line":5,"column":0},"end":{"line":5,"column":36}},"5":{"start":{"line":7,"column":0},"end":{"line":21,"column":2}},"6":{"start":{"line":8,"column":4},"end":{"line":20,"column":11}},"7":{"start":{"line":10,"column":12},"end":{"line":12,"column":15}},"8":{"start":{"line":15,"column":12},"end":{"line":18,"column":14}},"9":{"start":{"line":19,"column":12},"end":{"line":19,"column":31}}},"branchMap":{}},"/Users/pscanf/mondora/meteor-wapi-collection/src/lib/patches-type.js":{"path":"/Users/pscanf/mondora/meteor-wapi-collection/src/lib/patches-type.js","s":{"1":1,"2":1,"3":1,"4":10,"5":10},"b":{},"f":{"1":10},"fnMap":{"1":{"name":"(anonymous_1)","line":4,"loc":{"start":{"line":4,"column":47},"end":{"line":4,"column":66}}}},"statementMap":{"1":{"start":{"line":1,"column":0},"end":{"line":1,"column":36}},"2":{"start":{"line":2,"column":0},"end":{"line":2,"column":26}},"3":{"start":{"line":4,"column":0},"end":{"line":7,"column":3}},"4":{"start":{"line":5,"column":4},"end":{"line":5,"column":38}},"5":{"start":{"line":6,"column":4},"end":{"line":6,"column":34}}},"branchMap":{}},"/Users/pscanf/mondora/meteor-wapi-collection/src/lib/random-id.js":{"path":"/Users/pscanf/mondora/meteor-wapi-collection/src/lib/random-id.js","s":{"1":1,"2":1,"3":5},"b":{},"f":{"1":5},"fnMap":{"1":{"name":"randomId","line":3,"loc":{"start":{"line":3,"column":17},"end":{"line":3,"column":38}}}},"statementMap":{"1":{"start":{"line":1,"column":0},"end":{"line":1,"column":31}},"2":{"start":{"line":3,"column":0},"end":{"line":5,"column":2}},"3":{"start":{"line":4,"column":4},"end":{"line":4,"column":50}}},"branchMap":{}}}