{"/Users/pscanf/mondora/meteor-wapi-collection/src/collection.js":{"path":"/Users/pscanf/mondora/meteor-wapi-collection/src/collection.js","s":{"1":1,"2":1,"3":1,"4":1,"5":17,"6":17,"7":17,"8":17,"9":17,"10":1,"11":17,"12":17,"13":1,"14":17,"15":17,"16":17,"17":17,"18":17,"19":1,"20":17,"21":1,"22":14,"23":5,"24":14,"25":5,"26":14,"27":5,"28":14,"29":1,"30":18,"31":25,"32":15,"33":10,"34":5,"35":5,"36":5,"37":1},"b":{"1":[5,9],"2":[5,9],"3":[5,9],"4":[15,10],"5":[5,5],"6":[5,0]},"f":{"1":17,"2":17,"3":17,"4":17,"5":14,"6":18,"7":25},"fnMap":{"1":{"name":"(anonymous_1)","line":6,"loc":{"start":{"line":6,"column":17},"end":{"line":6,"column":37}}},"2":{"name":"createDbProxy","line":17,"loc":{"start":{"line":17,"column":37},"end":{"line":17,"column":63}}},"3":{"name":"attachMethods","line":30,"loc":{"start":{"line":30,"column":37},"end":{"line":30,"column":63}}},"4":{"name":"initValidationRules","line":41,"loc":{"start":{"line":41,"column":43},"end":{"line":41,"column":75}}},"5":{"name":"addValidationRules","line":67,"loc":{"start":{"line":67,"column":42},"end":{"line":67,"column":80}}},"6":{"name":"runValidationRules","line":80,"loc":{"start":{"line":80,"column":42},"end":{"line":80,"column":114}}},"7":{"name":"(anonymous_7)","line":81,"loc":{"start":{"line":81,"column":54},"end":{"line":81,"column":70}}}},"statementMap":{"1":{"start":{"line":1,"column":0},"end":{"line":1,"column":35}},"2":{"start":{"line":2,"column":0},"end":{"line":2,"column":32}},"3":{"start":{"line":4,"column":0},"end":{"line":4,"column":45}},"4":{"start":{"line":6,"column":0},"end":{"line":12,"column":2}},"5":{"start":{"line":7,"column":4},"end":{"line":7,"column":17}},"6":{"start":{"line":8,"column":4},"end":{"line":8,"column":21}},"7":{"start":{"line":9,"column":4},"end":{"line":9,"column":25}},"8":{"start":{"line":10,"column":4},"end":{"line":10,"column":25}},"9":{"start":{"line":11,"column":4},"end":{"line":11,"column":31}},"10":{"start":{"line":17,"column":0},"end":{"line":25,"column":2}},"11":{"start":{"line":18,"column":4},"end":{"line":18,"column":54}},"12":{"start":{"line":19,"column":4},"end":{"line":24,"column":6}},"13":{"start":{"line":30,"column":0},"end":{"line":36,"column":2}},"14":{"start":{"line":31,"column":4},"end":{"line":31,"column":21}},"15":{"start":{"line":32,"column":4},"end":{"line":32,"column":82}},"16":{"start":{"line":33,"column":4},"end":{"line":33,"column":82}},"17":{"start":{"line":34,"column":4},"end":{"line":34,"column":82}},"18":{"start":{"line":35,"column":4},"end":{"line":35,"column":29}},"19":{"start":{"line":41,"column":0},"end":{"line":47,"column":2}},"20":{"start":{"line":42,"column":4},"end":{"line":46,"column":6}},"21":{"start":{"line":67,"column":0},"end":{"line":79,"column":2}},"22":{"start":{"line":68,"column":4},"end":{"line":70,"column":5}},"23":{"start":{"line":69,"column":8},"end":{"line":69,"column":57}},"24":{"start":{"line":71,"column":4},"end":{"line":73,"column":5}},"25":{"start":{"line":72,"column":8},"end":{"line":72,"column":57}},"26":{"start":{"line":74,"column":4},"end":{"line":76,"column":5}},"27":{"start":{"line":75,"column":8},"end":{"line":75,"column":57}},"28":{"start":{"line":78,"column":4},"end":{"line":78,"column":16}},"29":{"start":{"line":80,"column":0},"end":{"line":92,"column":2}},"30":{"start":{"line":81,"column":4},"end":{"line":91,"column":7}},"31":{"start":{"line":82,"column":8},"end":{"line":84,"column":9}},"32":{"start":{"line":83,"column":12},"end":{"line":83,"column":60}},"33":{"start":{"line":85,"column":8},"end":{"line":87,"column":9}},"34":{"start":{"line":86,"column":12},"end":{"line":86,"column":82}},"35":{"start":{"line":88,"column":8},"end":{"line":90,"column":9}},"36":{"start":{"line":89,"column":12},"end":{"line":89,"column":60}},"37":{"start":{"line":94,"column":0},"end":{"line":94,"column":28}}},"branchMap":{"1":{"line":68,"type":"if","locations":[{"start":{"line":68,"column":4},"end":{"line":68,"column":4}},{"start":{"line":68,"column":4},"end":{"line":68,"column":4}}]},"2":{"line":71,"type":"if","locations":[{"start":{"line":71,"column":4},"end":{"line":71,"column":4}},{"start":{"line":71,"column":4},"end":{"line":71,"column":4}}]},"3":{"line":74,"type":"if","locations":[{"start":{"line":74,"column":4},"end":{"line":74,"column":4}},{"start":{"line":74,"column":4},"end":{"line":74,"column":4}}]},"4":{"line":82,"type":"if","locations":[{"start":{"line":82,"column":8},"end":{"line":82,"column":8}},{"start":{"line":82,"column":8},"end":{"line":82,"column":8}}]},"5":{"line":85,"type":"if","locations":[{"start":{"line":85,"column":8},"end":{"line":85,"column":8}},{"start":{"line":85,"column":8},"end":{"line":85,"column":8}}]},"6":{"line":88,"type":"if","locations":[{"start":{"line":88,"column":8},"end":{"line":88,"column":8}},{"start":{"line":88,"column":8},"end":{"line":88,"column":8}}]}}},"/Users/pscanf/mondora/meteor-wapi-collection/src/methods.js":{"path":"/Users/pscanf/mondora/meteor-wapi-collection/src/methods.js","s":{"1":1,"2":1,"3":1,"4":1,"5":1,"6":1,"7":1,"8":1,"9":1,"10":1,"11":1,"12":13,"13":13,"14":10,"15":7,"16":7,"17":1,"18":15,"19":15,"20":12,"21":10,"22":8,"23":8,"24":4,"25":1,"26":13,"27":13,"28":10,"29":8,"30":5},"b":{"1":[7,6]},"f":{"1":13,"2":13,"3":10,"4":7,"5":15,"6":15,"7":10,"8":8,"9":4,"10":13,"11":13,"12":10,"13":8,"14":5},"fnMap":{"1":{"name":"insert","line":13,"loc":{"start":{"line":13,"column":17},"end":{"line":13,"column":59}}},"2":{"name":"(anonymous_2)","line":15,"loc":{"start":{"line":15,"column":14},"end":{"line":15,"column":26}}},"3":{"name":"(anonymous_3)","line":21,"loc":{"start":{"line":21,"column":14},"end":{"line":21,"column":26}}},"4":{"name":"(anonymous_4)","line":25,"loc":{"start":{"line":25,"column":14},"end":{"line":25,"column":26}}},"5":{"name":"update","line":32,"loc":{"start":{"line":32,"column":17},"end":{"line":32,"column":67}}},"6":{"name":"(anonymous_6)","line":34,"loc":{"start":{"line":34,"column":14},"end":{"line":34,"column":26}}},"7":{"name":"(anonymous_7)","line":44,"loc":{"start":{"line":44,"column":14},"end":{"line":44,"column":26}}},"8":{"name":"(anonymous_8)","line":47,"loc":{"start":{"line":47,"column":14},"end":{"line":47,"column":37}}},"9":{"name":"(anonymous_9)","line":53,"loc":{"start":{"line":53,"column":14},"end":{"line":53,"column":37}}},"10":{"name":"update","line":63,"loc":{"start":{"line":63,"column":17},"end":{"line":63,"column":58}}},"11":{"name":"(anonymous_11)","line":65,"loc":{"start":{"line":65,"column":14},"end":{"line":65,"column":26}}},"12":{"name":"(anonymous_12)","line":71,"loc":{"start":{"line":71,"column":14},"end":{"line":71,"column":26}}},"13":{"name":"(anonymous_13)","line":74,"loc":{"start":{"line":74,"column":14},"end":{"line":74,"column":37}}},"14":{"name":"(anonymous_14)","line":78,"loc":{"start":{"line":78,"column":14},"end":{"line":78,"column":26}}}},"statementMap":{"1":{"start":{"line":1,"column":0},"end":{"line":1,"column":35}},"2":{"start":{"line":2,"column":0},"end":{"line":2,"column":38}},"3":{"start":{"line":3,"column":0},"end":{"line":3,"column":32}},"4":{"start":{"line":4,"column":0},"end":{"line":4,"column":32}},"5":{"start":{"line":6,"column":0},"end":{"line":6,"column":55}},"6":{"start":{"line":7,"column":0},"end":{"line":7,"column":53}},"7":{"start":{"line":8,"column":0},"end":{"line":8,"column":48}},"8":{"start":{"line":9,"column":0},"end":{"line":9,"column":58}},"9":{"start":{"line":10,"column":0},"end":{"line":10,"column":54}},"10":{"start":{"line":11,"column":0},"end":{"line":11,"column":51}},"11":{"start":{"line":13,"column":0},"end":{"line":30,"column":2}},"12":{"start":{"line":14,"column":4},"end":{"line":29,"column":30}},"13":{"start":{"line":16,"column":12},"end":{"line":19,"column":14}},"14":{"start":{"line":22,"column":12},"end":{"line":23,"column":71}},"15":{"start":{"line":26,"column":12},"end":{"line":26,"column":60}},"16":{"start":{"line":27,"column":12},"end":{"line":27,"column":63}},"17":{"start":{"line":32,"column":0},"end":{"line":61,"column":2}},"18":{"start":{"line":33,"column":4},"end":{"line":60,"column":30}},"19":{"start":{"line":35,"column":12},"end":{"line":38,"column":14}},"20":{"start":{"line":39,"column":12},"end":{"line":42,"column":14}},"21":{"start":{"line":45,"column":12},"end":{"line":45,"column":58}},"22":{"start":{"line":48,"column":12},"end":{"line":48,"column":65}},"23":{"start":{"line":49,"column":12},"end":{"line":51,"column":37}},"24":{"start":{"line":54,"column":12},"end":{"line":58,"column":15}},"25":{"start":{"line":63,"column":0},"end":{"line":84,"column":2}},"26":{"start":{"line":64,"column":4},"end":{"line":83,"column":30}},"27":{"start":{"line":66,"column":12},"end":{"line":69,"column":14}},"28":{"start":{"line":72,"column":12},"end":{"line":72,"column":58}},"29":{"start":{"line":75,"column":12},"end":{"line":76,"column":71}},"30":{"start":{"line":79,"column":12},"end":{"line":81,"column":15}}},"branchMap":{"1":{"line":26,"type":"binary-expr","locations":[{"start":{"line":26,"column":30},"end":{"line":26,"column":45}},{"start":{"line":26,"column":49},"end":{"line":26,"column":59}}]}}},"/Users/pscanf/mondora/meteor-wapi-collection/src/lib/apply-patches.js":{"path":"/Users/pscanf/mondora/meteor-wapi-collection/src/lib/apply-patches.js","s":{"1":1,"2":1,"3":1,"4":10,"5":10,"6":10},"b":{},"f":{"1":10},"fnMap":{"1":{"name":"applyPatches","line":4,"loc":{"start":{"line":4,"column":17},"end":{"line":4,"column":57}}}},"statementMap":{"1":{"start":{"line":1,"column":0},"end":{"line":1,"column":36}},"2":{"start":{"line":2,"column":0},"end":{"line":2,"column":26}},"3":{"start":{"line":4,"column":0},"end":{"line":8,"column":2}},"4":{"start":{"line":5,"column":4},"end":{"line":5,"column":33}},"5":{"start":{"line":6,"column":4},"end":{"line":6,"column":30}},"6":{"start":{"line":7,"column":4},"end":{"line":7,"column":18}}},"branchMap":{}},"/Users/pscanf/mondora/meteor-wapi-collection/src/lib/arg-matches.js":{"path":"/Users/pscanf/mondora/meteor-wapi-collection/src/lib/arg-matches.js","s":{"1":1,"2":1,"3":55},"b":{},"f":{"1":55},"fnMap":{"1":{"name":"argMatches","line":3,"loc":{"start":{"line":3,"column":17},"end":{"line":3,"column":51}}}},"statementMap":{"1":{"start":{"line":1,"column":0},"end":{"line":1,"column":37}},"2":{"start":{"line":3,"column":0},"end":{"line":5,"column":2}},"3":{"start":{"line":4,"column":4},"end":{"line":4,"column":45}}},"branchMap":{}},"/Users/pscanf/mondora/meteor-wapi-collection/src/lib/ensure.js":{"path":"/Users/pscanf/mondora/meteor-wapi-collection/src/lib/ensure.js","s":{"1":1,"2":78,"3":17},"b":{"1":[17,61]},"f":{"1":78},"fnMap":{"1":{"name":"ensure","line":1,"loc":{"start":{"line":1,"column":17},"end":{"line":1,"column":52}}}},"statementMap":{"1":{"start":{"line":1,"column":0},"end":{"line":5,"column":2}},"2":{"start":{"line":2,"column":4},"end":{"line":4,"column":5}},"3":{"start":{"line":3,"column":8},"end":{"line":3,"column":20}}},"branchMap":{"1":{"line":2,"type":"if","locations":[{"start":{"line":2,"column":4},"end":{"line":2,"column":4}},{"start":{"line":2,"column":4},"end":{"line":2,"column":4}}]}}},"/Users/pscanf/mondora/meteor-wapi-collection/src/lib/get-old-document.js":{"path":"/Users/pscanf/mondora/meteor-wapi-collection/src/lib/get-old-document.js","s":{"1":1,"2":1,"3":1,"4":1,"5":1,"6":23,"7":23,"8":23,"9":18},"b":{},"f":{"1":23,"2":23,"3":23},"fnMap":{"1":{"name":"getOldDocument","line":7,"loc":{"start":{"line":7,"column":17},"end":{"line":7,"column":66}}},"2":{"name":"(anonymous_2)","line":9,"loc":{"start":{"line":9,"column":14},"end":{"line":9,"column":26}}},"3":{"name":"(anonymous_3)","line":14,"loc":{"start":{"line":14,"column":14},"end":{"line":14,"column":37}}}},"statementMap":{"1":{"start":{"line":1,"column":0},"end":{"line":1,"column":35}},"2":{"start":{"line":2,"column":0},"end":{"line":2,"column":38}},"3":{"start":{"line":3,"column":0},"end":{"line":3,"column":32}},"4":{"start":{"line":5,"column":0},"end":{"line":5,"column":36}},"5":{"start":{"line":7,"column":0},"end":{"line":21,"column":2}},"6":{"start":{"line":8,"column":4},"end":{"line":20,"column":11}},"7":{"start":{"line":10,"column":12},"end":{"line":12,"column":15}},"8":{"start":{"line":15,"column":12},"end":{"line":18,"column":14}},"9":{"start":{"line":19,"column":12},"end":{"line":19,"column":31}}},"branchMap":{}},"/Users/pscanf/mondora/meteor-wapi-collection/src/lib/patches-type.js":{"path":"/Users/pscanf/mondora/meteor-wapi-collection/src/lib/patches-type.js","s":{"1":1,"2":1,"3":1,"4":16,"5":16},"b":{"1":[16,13]},"f":{"1":16},"fnMap":{"1":{"name":"(anonymous_1)","line":4,"loc":{"start":{"line":4,"column":47},"end":{"line":4,"column":66}}}},"statementMap":{"1":{"start":{"line":1,"column":0},"end":{"line":1,"column":36}},"2":{"start":{"line":2,"column":0},"end":{"line":2,"column":26}},"3":{"start":{"line":4,"column":0},"end":{"line":10,"column":3}},"4":{"start":{"line":5,"column":4},"end":{"line":5,"column":38}},"5":{"start":{"line":6,"column":4},"end":{"line":9,"column":6}}},"branchMap":{"1":{"line":7,"type":"binary-expr","locations":[{"start":{"line":7,"column":8},"end":{"line":7,"column":28}},{"start":{"line":8,"column":8},"end":{"line":8,"column":28}}]}}},"/Users/pscanf/mondora/meteor-wapi-collection/src/lib/random-id.js":{"path":"/Users/pscanf/mondora/meteor-wapi-collection/src/lib/random-id.js","s":{"1":1,"2":1,"3":7},"b":{},"f":{"1":7},"fnMap":{"1":{"name":"randomId","line":3,"loc":{"start":{"line":3,"column":17},"end":{"line":3,"column":38}}}},"statementMap":{"1":{"start":{"line":1,"column":0},"end":{"line":1,"column":31}},"2":{"start":{"line":3,"column":0},"end":{"line":5,"column":2}},"3":{"start":{"line":4,"column":4},"end":{"line":4,"column":50}}},"branchMap":{}}}