TN:
SF:/Users/pscanf/mondora/meteor-wapi-collection/src/collection.js
FN:6,(anonymous_1)
FN:17,createDbProxy
FN:30,attachMethods
FN:41,initValidationRules
FN:67,addValidationRules
FN:80,runValidationRules
FN:81,(anonymous_7)
FNF:7
FNH:7
FNDA:17,(anonymous_1)
FNDA:17,createDbProxy
FNDA:17,attachMethods
FNDA:17,initValidationRules
FNDA:14,addValidationRules
FNDA:18,runValidationRules
FNDA:25,(anonymous_7)
DA:1,1
DA:2,1
DA:4,1
DA:6,1
DA:7,17
DA:8,17
DA:9,17
DA:10,17
DA:11,17
DA:17,1
DA:18,17
DA:19,17
DA:30,1
DA:31,17
DA:32,17
DA:33,17
DA:34,17
DA:35,17
DA:41,1
DA:42,17
DA:67,1
DA:68,14
DA:69,5
DA:71,14
DA:72,5
DA:74,14
DA:75,5
DA:78,14
DA:80,1
DA:81,18
DA:82,25
DA:83,15
DA:85,10
DA:86,5
DA:88,5
DA:89,5
DA:94,1
LF:37
LH:37
BRDA:68,1,0,5
BRDA:68,1,1,9
BRDA:71,2,0,5
BRDA:71,2,1,9
BRDA:74,3,0,5
BRDA:74,3,1,9
BRDA:82,4,0,15
BRDA:82,4,1,10
BRDA:85,5,0,5
BRDA:85,5,1,5
BRDA:88,6,0,5
BRDA:88,6,1,0
BRF:12
BRH:11
end_of_record
TN:
SF:/Users/pscanf/mondora/meteor-wapi-collection/src/methods.js
FN:13,insert
FN:15,(anonymous_2)
FN:21,(anonymous_3)
FN:25,(anonymous_4)
FN:32,update
FN:34,(anonymous_6)
FN:44,(anonymous_7)
FN:47,(anonymous_8)
FN:53,(anonymous_9)
FN:63,update
FN:65,(anonymous_11)
FN:71,(anonymous_12)
FN:74,(anonymous_13)
FN:78,(anonymous_14)
FNF:14
FNH:14
FNDA:13,insert
FNDA:13,(anonymous_2)
FNDA:10,(anonymous_3)
FNDA:7,(anonymous_4)
FNDA:15,update
FNDA:15,(anonymous_6)
FNDA:10,(anonymous_7)
FNDA:8,(anonymous_8)
FNDA:4,(anonymous_9)
FNDA:13,update
FNDA:13,(anonymous_11)
FNDA:10,(anonymous_12)
FNDA:8,(anonymous_13)
FNDA:5,(anonymous_14)
DA:1,1
DA:2,1
DA:3,1
DA:4,1
DA:6,1
DA:7,1
DA:8,1
DA:9,1
DA:10,1
DA:11,1
DA:13,1
DA:14,13
DA:16,13
DA:22,10
DA:26,7
DA:27,7
DA:32,1
DA:33,15
DA:35,15
DA:39,12
DA:45,10
DA:48,8
DA:49,8
DA:54,4
DA:63,1
DA:64,13
DA:66,13
DA:72,10
DA:75,8
DA:79,5
LF:30
LH:30
BRDA:26,1,0,7
BRDA:26,1,1,6
BRF:2
BRH:2
end_of_record
TN:
SF:/Users/pscanf/mondora/meteor-wapi-collection/src/lib/apply-patches.js
FN:4,applyPatches
FNF:1
FNH:1
FNDA:10,applyPatches
DA:1,1
DA:2,1
DA:4,1
DA:5,10
DA:6,10
DA:7,10
LF:6
LH:6
BRF:0
BRH:0
end_of_record
TN:
SF:/Users/pscanf/mondora/meteor-wapi-collection/src/lib/arg-matches.js
FN:3,argMatches
FNF:1
FNH:1
FNDA:55,argMatches
DA:1,1
DA:3,1
DA:4,55
LF:3
LH:3
BRF:0
BRH:0
end_of_record
TN:
SF:/Users/pscanf/mondora/meteor-wapi-collection/src/lib/ensure.js
FN:1,ensure
FNF:1
FNH:1
FNDA:78,ensure
DA:1,1
DA:2,78
DA:3,17
LF:3
LH:3
BRDA:2,1,0,17
BRDA:2,1,1,61
BRF:2
BRH:2
end_of_record
TN:
SF:/Users/pscanf/mondora/meteor-wapi-collection/src/lib/get-old-document.js
FN:7,getOldDocument
FN:9,(anonymous_2)
FN:14,(anonymous_3)
FNF:3
FNH:3
FNDA:23,getOldDocument
FNDA:23,(anonymous_2)
FNDA:23,(anonymous_3)
DA:1,1
DA:2,1
DA:3,1
DA:5,1
DA:7,1
DA:8,23
DA:10,23
DA:15,23
DA:19,18
LF:9
LH:9
BRF:0
BRH:0
end_of_record
TN:
SF:/Users/pscanf/mondora/meteor-wapi-collection/src/lib/patches-type.js
FN:4,(anonymous_1)
FNF:1
FNH:1
FNDA:16,(anonymous_1)
DA:1,1
DA:2,1
DA:4,1
DA:5,16
DA:6,16
LF:5
LH:5
BRDA:7,1,0,16
BRDA:7,1,1,13
BRF:2
BRH:2
end_of_record
TN:
SF:/Users/pscanf/mondora/meteor-wapi-collection/src/lib/random-id.js
FN:3,randomId
FNF:1
FNH:1
FNDA:7,randomId
DA:1,1
DA:3,1
DA:4,7
LF:3
LH:3
BRF:0
BRH:0
end_of_record
