TN:
SF:/Users/pscanf/mondora/meteor-wapi-collection/src/collection.js
FN:6,(anonymous_1)
FN:23,attachMethods
FN:44,addValidationRules
FN:55,runValidationRules
FN:56,(anonymous_5)
FNF:5
FNH:4
FNDA:0,(anonymous_1)
FNDA:1,attachMethods
FNDA:1,addValidationRules
FNDA:8,runValidationRules
FNDA:13,(anonymous_5)
DA:1,1
DA:2,1
DA:4,1
DA:6,1
DA:7,0
DA:8,0
DA:9,0
DA:14,0
DA:17,0
DA:23,1
DA:24,1
DA:25,1
DA:26,1
DA:27,1
DA:28,1
DA:44,1
DA:45,1
DA:46,1
DA:48,1
DA:49,1
DA:51,1
DA:52,1
DA:55,1
DA:56,8
DA:57,13
DA:58,11
DA:60,2
DA:61,1
DA:63,1
DA:64,1
DA:69,1
LF:31
LH:26
BRDA:45,1,0,1
BRDA:45,1,1,0
BRDA:48,2,0,1
BRDA:48,2,1,0
BRDA:51,3,0,1
BRDA:51,3,1,0
BRDA:57,4,0,11
BRDA:57,4,1,2
BRDA:60,5,0,1
BRDA:60,5,1,1
BRDA:63,6,0,1
BRDA:63,6,1,0
BRF:12
BRH:8
end_of_record
TN:
SF:/Users/pscanf/mondora/meteor-wapi-collection/src/methods.js
FN:13,insert
FN:15,(anonymous_2)
FN:21,(anonymous_3)
FN:25,(anonymous_4)
FN:32,update
FN:34,(anonymous_6)
FN:44,(anonymous_7)
FN:47,(anonymous_8)
FN:53,(anonymous_9)
FN:63,update
FN:65,(anonymous_11)
FN:71,(anonymous_12)
FN:74,(anonymous_13)
FN:78,(anonymous_14)
FNF:14
FNH:14
FNDA:8,insert
FNDA:8,(anonymous_2)
FNDA:6,(anonymous_3)
FNDA:5,(anonymous_4)
FNDA:9,update
FNDA:9,(anonymous_6)
FNDA:6,(anonymous_7)
FNDA:5,(anonymous_8)
FNDA:3,(anonymous_9)
FNDA:8,update
FNDA:8,(anonymous_11)
FNDA:6,(anonymous_12)
FNDA:5,(anonymous_13)
FNDA:4,(anonymous_14)
DA:1,1
DA:2,1
DA:3,1
DA:4,1
DA:6,1
DA:7,1
DA:8,1
DA:9,1
DA:10,1
DA:11,1
DA:13,1
DA:14,8
DA:16,8
DA:22,6
DA:26,5
DA:27,5
DA:32,1
DA:33,9
DA:35,9
DA:39,7
DA:45,6
DA:48,5
DA:49,5
DA:54,3
DA:63,1
DA:64,8
DA:66,8
DA:72,6
DA:75,5
DA:79,4
LF:30
LH:30
BRDA:26,1,0,5
BRDA:26,1,1,4
BRF:2
BRH:2
end_of_record
TN:
SF:/Users/pscanf/mondora/meteor-wapi-collection/src/lib/apply-patches.js
FN:4,applyPatches
FNF:1
FNH:1
FNDA:7,applyPatches
DA:1,1
DA:2,1
DA:4,1
DA:5,7
DA:6,7
DA:7,7
LF:6
LH:6
BRF:0
BRH:0
end_of_record
TN:
SF:/Users/pscanf/mondora/meteor-wapi-collection/src/lib/arg-matches.js
FN:3,argMatches
FNF:1
FNH:1
FNDA:34,argMatches
DA:1,1
DA:3,1
DA:4,34
LF:3
LH:3
BRF:0
BRH:0
end_of_record
TN:
SF:/Users/pscanf/mondora/meteor-wapi-collection/src/lib/ensure.js
FN:1,ensure
FNF:1
FNH:1
FNDA:49,ensure
DA:1,1
DA:2,49
DA:3,11
LF:3
LH:3
BRDA:2,1,0,11
BRDA:2,1,1,38
BRF:2
BRH:2
end_of_record
TN:
SF:/Users/pscanf/mondora/meteor-wapi-collection/src/lib/get-old-document.js
FN:7,getOldDocument
FN:9,(anonymous_2)
FN:14,(anonymous_3)
FNF:3
FNH:3
FNDA:15,getOldDocument
FNDA:15,(anonymous_2)
FNDA:15,(anonymous_3)
DA:1,1
DA:2,1
DA:3,1
DA:5,1
DA:7,1
DA:8,15
DA:10,15
DA:15,15
DA:19,12
LF:9
LH:9
BRF:0
BRH:0
end_of_record
TN:
SF:/Users/pscanf/mondora/meteor-wapi-collection/src/lib/patches-type.js
FN:4,(anonymous_1)
FNF:1
FNH:1
FNDA:10,(anonymous_1)
DA:1,1
DA:2,1
DA:4,1
DA:5,10
DA:6,10
LF:5
LH:5
BRF:0
BRH:0
end_of_record
TN:
SF:/Users/pscanf/mondora/meteor-wapi-collection/src/lib/random-id.js
FN:3,randomId
FNF:1
FNH:1
FNDA:5,randomId
DA:1,1
DA:3,1
DA:4,5
LF:3
LH:3
BRF:0
BRH:0
end_of_record
